#1 [internal] load build definition from base.Dockerfile
#1 transferring dockerfile: 689B done
#1 DONE 0.0s

#2 [internal] load .dockerignore
#2 transferring context: 2B done
#2 DONE 0.0s

#3 [internal] load metadata for docker.io/library/ubuntu:jammy
#3 DONE 0.0s

#4 [1/7] FROM docker.io/library/ubuntu:jammy
#4 DONE 0.0s

#5 [internal] load build context
#5 transferring context: 8.66kB done
#5 DONE 0.0s

#6 [3/7] COPY modules/network/base/python /testrun/python
#6 CACHED

#7 [4/7] RUN pip3 install -r /testrun/python/requirements.txt
#7 CACHED

#8 [2/7] RUN apt-get update && apt-get install -y net-tools iputils-ping tcpdump iproute2 jq python3 python3-pip dos2unix
#8 CACHED

#9 [6/7] RUN dos2unix /testrun/bin/*
#9 CACHED

#10 [5/7] COPY modules/network/base/bin /testrun/bin
#10 CACHED

#11 [7/7] RUN chmod u+x /testrun/bin/*
#11 CACHED

#12 exporting to image
#12 exporting layers done
#12 writing image sha256:c01bf2973cade6e0bc97993ad3713e29ca4474836e091448058765974237d91c done
#12 naming to docker.io/test-run/base done
#12 DONE 0.0s
