#1 [internal] load .dockerignore
#1 transferring context: 2B done
#1 DONE 0.0s

#2 [internal] load build definition from dhcp-1.Dockerfile
#2 transferring dockerfile: 451B done
#2 DONE 0.0s

#3 [internal] load metadata for docker.io/test-run/base:latest
#3 DONE 0.0s

#4 [1/5] FROM docker.io/test-run/base:latest
#4 DONE 0.0s

#5 [internal] load build context
#5 transferring context: 17.83kB done
#5 DONE 0.0s

#6 [2/5] RUN apt-get install -y isc-dhcp-server radvd
#6 CACHED

#7 [3/5] COPY modules/network/dhcp-1/conf /testrun/conf
#7 CACHED

#8 [4/5] COPY modules/network/dhcp-1/bin /testrun/bin
#8 CACHED

#9 [5/5] COPY modules/network/dhcp-1/python /testrun/python
#9 CACHED

#10 exporting to image
#10 exporting layers done
#10 writing image sha256:13bbcdc5dee7ad09e6e1feeb7f4aa2dc6901ff01e60fefdd74558ab3133f793f done
#10 naming to docker.io/test-run/dhcp-1 done
#10 DONE 0.0s
