#1 [internal] load .dockerignore
#1 transferring context: 2B done
#1 DONE 0.0s

#2 [internal] load build definition from gateway.Dockerfile
#2 transferring dockerfile: 387B done
#2 DONE 0.0s

#3 [internal] load metadata for docker.io/test-run/base:latest
#3 DONE 0.0s

#4 [1/4] FROM docker.io/test-run/base:latest
#4 DONE 0.0s

#5 [internal] load build context
#5 transferring context: 1.59kB done
#5 DONE 0.0s

#6 [2/4] RUN apt-get install -y iptables isc-dhcp-client
#6 CACHED

#7 [3/4] COPY modules/network/gateway/conf /testrun/conf
#7 CACHED

#8 [4/4] COPY modules/network/gateway/bin /testrun/bin
#8 CACHED

#9 exporting to image
#9 exporting layers done
#9 writing image sha256:d9e0f35fb9e6bb9be901e7776d89c7b9e941ad2f461f361e048e6aee948aeda3 done
#9 naming to docker.io/test-run/gateway done
#9 DONE 0.0s
