#1 [internal] load .dockerignore
#1 transferring context: 2B done
#1 DONE 0.0s

#2 [internal] load build definition from radius.Dockerfile
#2 transferring dockerfile: 757B done
#2 DONE 0.0s

#3 [internal] load metadata for docker.io/test-run/base:latest
#3 DONE 0.0s

#4 [1/8] FROM docker.io/test-run/base:latest
#4 DONE 0.0s

#5 [internal] load build context
#5 transferring context: 25.27kB done
#5 DONE 0.0s

#6 [6/8] COPY modules/network/radius/bin /testrun/bin
#6 CACHED

#7 [2/8] RUN apt-get update && apt-get install -y openssl freeradius git
#7 CACHED

#8 [5/8] COPY modules/network/radius/conf /testrun/conf
#8 CACHED

#9 [3/8] RUN git clone --branch 0.0.25 https://github.com/faucetsdn/chewie
#9 CACHED

#10 [7/8] COPY modules/network/radius/python /testrun/python
#10 CACHED

#11 [4/8] RUN pip3 install chewie/
#11 CACHED

#12 [8/8] RUN pip3 install -r /testrun/python/requirements.txt
#12 CACHED

#13 exporting to image
#13 exporting layers done
#13 writing image sha256:444030edb8b7c90668bcea06fd1f7edb0ea121fc233d8baba0522304d97e709e done
#13 naming to docker.io/test-run/radius done
#13 DONE 0.0s
